<?xml version="1.0" encoding="UTF-8"?>
<!-- Generated by org.testng.reporters.JUnitReportReporter -->
<testsuite hostname="LAPTOP-88OL1HSR" failures="0" tests="1" name="automationTest.ErrorValidationsTest" time="3.282" errors="0" timestamp="2024-03-14T17:13:49 IST" skipped="0">
  <testcase classname="automationTest.ErrorValidationsTest" name="loginErrorValidation" time="3.282"/>
  <system-out/>
</testsuite> <!-- automationTest.ErrorValidationsTest -->
