<?xml version="1.0" encoding="UTF-8"?>
<!-- Generated by org.testng.reporters.JUnitReportReporter -->
<testsuite hostname="LAPTOP-88OL1HSR" failures="0" tests="3" name="automation.Test.SubmitOrderTest" time="19.334" errors="0" timestamp="2024-03-16T12:13:16 IST" skipped="0">
  <testcase classname="automation.Test.SubmitOrderTest" name="submitOrder" time="5.319"/>
  <system-out/>
  <testcase classname="automation.Test.SubmitOrderTest" name="orderHistoryTest" time="2.544"/>
  <system-out/>
  <testcase classname="automation.Test.SubmitOrderTest" name="submitOrder" time="11.471"/>
  <system-out/>
</testsuite> <!-- automation.Test.SubmitOrderTest -->
