<?xml version="1.0" encoding="UTF-8"?>
<!-- Generated by org.testng.reporters.JUnitReportReporter -->
<testsuite hostname="LAPTOP-88OL1HSR" failures="0" tests="1" name="automationTest.ErrorValidations" time="3.250" errors="0" timestamp="2024-03-14T15:54:08 IST" skipped="0">
  <testcase classname="automationTest.ErrorValidations" name="submitOrders" time="3.250"/>
  <system-out/>
</testsuite> <!-- automationTest.ErrorValidations -->
