<?xml version="1.0" encoding="UTF-8"?>
<!-- Generated by org.testng.reporters.JUnitReportReporter -->
<testsuite hostname="LAPTOP-88OL1HSR" failures="0" tests="1" name="cucumber.TestNgTestRunner" time="7.157" errors="0" timestamp="2024-03-17T16:51:12 IST" skipped="0">
  <testcase classname="cucumber.TestNgTestRunner" name="runScenario" time="7.157"/>
  <system-out/>
</testsuite> <!-- cucumber.TestNgTestRunner -->
