<?xml version="1.0" encoding="UTF-8"?>
<!-- Generated by org.testng.reporters.JUnitReportReporter -->
<testsuite hostname="LAPTOP-88OL1HSR" failures="0" tests="2" name="automationTest.SubmitOrderTest" time="16.500" errors="0" timestamp="2024-03-14T21:35:37 IST" skipped="0">
  <testcase classname="automationTest.SubmitOrderTest" name="submitOrder" time="7.492"/>
  <system-out/>
  <testcase classname="automationTest.SubmitOrderTest" name="submitOrder" time="9.008"/>
  <system-out/>
</testsuite> <!-- automationTest.SubmitOrderTest -->
