<?xml version="1.0" encoding="UTF-8"?>
<!-- Generated by org.testng.reporters.JUnitReportReporter -->
<testsuite hostname="LAPTOP-88OL1HSR" failures="0" tests="3" name="automation.Test.SubmitOrderTest" time="21.029" errors="0" timestamp="2024-03-17T17:18:24 IST" skipped="0">
  <testcase classname="automation.Test.SubmitOrderTest" name="submitOrder" time="7.658"/>
  <testcase classname="automation.Test.SubmitOrderTest" name="orderHistoryTest" time="6.291"/>
  <testcase classname="automation.Test.SubmitOrderTest" name="submitOrder" time="7.080"/>
</testsuite> <!-- automation.Test.SubmitOrderTest -->
