<?xml version="1.0" encoding="UTF-8"?>
<!-- Generated by org.testng.reporters.JUnitReportReporter -->
<testsuite hostname="LAPTOP-88OL1HSR" failures="0" tests="2" name="automation.Test.ErrorValidationsTest" time="10.479" errors="0" timestamp="2024-03-17T17:18:24 IST" skipped="0">
  <testcase classname="automation.Test.ErrorValidationsTest" name="productErrorValidations" time="4.853"/>
  <testcase classname="automation.Test.ErrorValidationsTest" name="loginErrorValidation" time="5.626"/>
</testsuite> <!-- automation.Test.ErrorValidationsTest -->
